2023-02-21 13:46:53.464 [main] WARN  org.mybatis.spring.mapper.ClassPathMapperScanner - No MyBatis mapper was found in '[com.demo.api]' package. Please check your configuration.
2023-02-21 13:46:54.212 [main] WARN  io.undertow.websockets.jsr - UT026010: Buffer pool was not set on WebSocketDeploymentInfo, the default pool will be used
2023-02-21 13:46:55.071 [main] WARN  com.netflix.config.sources.URLConfigurationSource - No URLs will be polled as dynamic configuration sources.
2023-02-21 13:46:55.077 [main] WARN  com.netflix.config.sources.URLConfigurationSource - No URLs will be polled as dynamic configuration sources.
2023-02-21 13:47:06.801 [main] WARN  o.s.c.l.c.LoadBalancerCacheAutoConfiguration$LoadBalancerCaffeineWarnLogger - Spring Cloud LoadBalancer is currently working with the default cache. While this cache implementation is useful for development and tests, it's recommended to use Caffeine cache in production.You can switch to using Caffeine cache, by adding it and org.springframework.cache.caffeine.CaffeineCacheManager to the classpath.
2023-02-21 14:07:15.856 [Thread-35] WARN  com.alibaba.nacos.common.notify.NotifyCenter - [NotifyCenter] Start destroying Publisher
2023-02-21 14:07:15.856 [Thread-7] WARN  com.alibaba.nacos.common.http.HttpClientBeanHolder - [HttpClientBeanHolder] Start destroying common HttpClient
2023-02-21 14:07:15.857 [Thread-35] WARN  com.alibaba.nacos.common.notify.NotifyCenter - [NotifyCenter] Destruction of the end
2023-02-21 14:07:15.858 [Thread-7] WARN  com.alibaba.nacos.common.http.HttpClientBeanHolder - [HttpClientBeanHolder] Destruction of the end
2023-02-21 14:07:16.259 [SpringApplicationShutdownHook] WARN  com.netflix.config.sources.URLConfigurationSource - No URLs will be polled as dynamic configuration sources.
2023-02-21 14:07:35.002 [main] WARN  org.mybatis.spring.mapper.ClassPathMapperScanner - No MyBatis mapper was found in '[com.demo.api]' package. Please check your configuration.
2023-02-21 14:07:35.661 [main] WARN  io.undertow.websockets.jsr - UT026010: Buffer pool was not set on WebSocketDeploymentInfo, the default pool will be used
2023-02-21 14:07:36.353 [main] WARN  com.netflix.config.sources.URLConfigurationSource - No URLs will be polled as dynamic configuration sources.
2023-02-21 14:07:36.359 [main] WARN  com.netflix.config.sources.URLConfigurationSource - No URLs will be polled as dynamic configuration sources.
2023-02-21 14:07:44.678 [main] WARN  o.s.c.l.c.LoadBalancerCacheAutoConfiguration$LoadBalancerCaffeineWarnLogger - Spring Cloud LoadBalancer is currently working with the default cache. While this cache implementation is useful for development and tests, it's recommended to use Caffeine cache in production.You can switch to using Caffeine cache, by adding it and org.springframework.cache.caffeine.CaffeineCacheManager to the classpath.
2023-02-21 14:11:58.224 [Thread-31] WARN  com.alibaba.nacos.common.notify.NotifyCenter - [NotifyCenter] Start destroying Publisher
2023-02-21 14:11:58.224 [Thread-4] WARN  com.alibaba.nacos.common.http.HttpClientBeanHolder - [HttpClientBeanHolder] Start destroying common HttpClient
2023-02-21 14:11:58.225 [Thread-31] WARN  com.alibaba.nacos.common.notify.NotifyCenter - [NotifyCenter] Destruction of the end
2023-02-21 14:11:58.227 [Thread-4] WARN  com.alibaba.nacos.common.http.HttpClientBeanHolder - [HttpClientBeanHolder] Destruction of the end
2023-02-21 14:11:58.627 [SpringApplicationShutdownHook] WARN  com.netflix.config.sources.URLConfigurationSource - No URLs will be polled as dynamic configuration sources.
2023-02-21 14:14:15.033 [main] WARN  org.mybatis.spring.mapper.ClassPathMapperScanner - No MyBatis mapper was found in '[com.demo.api]' package. Please check your configuration.
2023-02-21 14:14:15.730 [main] WARN  io.undertow.websockets.jsr - UT026010: Buffer pool was not set on WebSocketDeploymentInfo, the default pool will be used
2023-02-21 14:14:16.511 [main] WARN  com.netflix.config.sources.URLConfigurationSource - No URLs will be polled as dynamic configuration sources.
2023-02-21 14:14:16.517 [main] WARN  com.netflix.config.sources.URLConfigurationSource - No URLs will be polled as dynamic configuration sources.
2023-02-21 14:14:25.731 [main] WARN  o.s.c.l.c.LoadBalancerCacheAutoConfiguration$LoadBalancerCaffeineWarnLogger - Spring Cloud LoadBalancer is currently working with the default cache. While this cache implementation is useful for development and tests, it's recommended to use Caffeine cache in production.You can switch to using Caffeine cache, by adding it and org.springframework.cache.caffeine.CaffeineCacheManager to the classpath.
2023-02-21 14:24:43.579 [Thread-7] WARN  com.alibaba.nacos.common.http.HttpClientBeanHolder - [HttpClientBeanHolder] Start destroying common HttpClient
2023-02-21 14:24:43.579 [Thread-36] WARN  com.alibaba.nacos.common.notify.NotifyCenter - [NotifyCenter] Start destroying Publisher
2023-02-21 14:24:43.581 [Thread-36] WARN  com.alibaba.nacos.common.notify.NotifyCenter - [NotifyCenter] Destruction of the end
2023-02-21 14:24:43.581 [Thread-7] WARN  com.alibaba.nacos.common.http.HttpClientBeanHolder - [HttpClientBeanHolder] Destruction of the end
2023-02-21 14:24:43.977 [SpringApplicationShutdownHook] WARN  com.netflix.config.sources.URLConfigurationSource - No URLs will be polled as dynamic configuration sources.
2023-02-21 14:24:58.154 [main] WARN  org.mybatis.spring.mapper.ClassPathMapperScanner - No MyBatis mapper was found in '[com.demo.api]' package. Please check your configuration.
2023-02-21 14:24:58.819 [main] WARN  io.undertow.websockets.jsr - UT026010: Buffer pool was not set on WebSocketDeploymentInfo, the default pool will be used
2023-02-21 14:24:59.635 [main] WARN  com.netflix.config.sources.URLConfigurationSource - No URLs will be polled as dynamic configuration sources.
2023-02-21 14:24:59.641 [main] WARN  com.netflix.config.sources.URLConfigurationSource - No URLs will be polled as dynamic configuration sources.
2023-02-21 14:25:08.557 [main] WARN  o.s.c.l.c.LoadBalancerCacheAutoConfiguration$LoadBalancerCaffeineWarnLogger - Spring Cloud LoadBalancer is currently working with the default cache. While this cache implementation is useful for development and tests, it's recommended to use Caffeine cache in production.You can switch to using Caffeine cache, by adding it and org.springframework.cache.caffeine.CaffeineCacheManager to the classpath.
2023-02-21 15:58:42.006 [Thread-4] WARN  com.alibaba.nacos.common.http.HttpClientBeanHolder - [HttpClientBeanHolder] Start destroying common HttpClient
2023-02-21 15:58:42.007 [Thread-32] WARN  com.alibaba.nacos.common.notify.NotifyCenter - [NotifyCenter] Start destroying Publisher
2023-02-21 15:58:42.009 [Thread-32] WARN  com.alibaba.nacos.common.notify.NotifyCenter - [NotifyCenter] Destruction of the end
2023-02-21 15:58:42.010 [Thread-4] WARN  com.alibaba.nacos.common.http.HttpClientBeanHolder - [HttpClientBeanHolder] Destruction of the end
2023-02-21 15:58:42.407 [SpringApplicationShutdownHook] WARN  com.netflix.config.sources.URLConfigurationSource - No URLs will be polled as dynamic configuration sources.
2023-02-21 15:59:04.014 [main] WARN  org.mybatis.spring.mapper.ClassPathMapperScanner - No MyBatis mapper was found in '[com.demo.api]' package. Please check your configuration.
2023-02-21 15:59:04.701 [main] WARN  io.undertow.websockets.jsr - UT026010: Buffer pool was not set on WebSocketDeploymentInfo, the default pool will be used
2023-02-21 15:59:05.444 [main] WARN  com.netflix.config.sources.URLConfigurationSource - No URLs will be polled as dynamic configuration sources.
2023-02-21 15:59:05.450 [main] WARN  com.netflix.config.sources.URLConfigurationSource - No URLs will be polled as dynamic configuration sources.
2023-02-21 15:59:13.919 [main] WARN  o.s.c.l.c.LoadBalancerCacheAutoConfiguration$LoadBalancerCaffeineWarnLogger - Spring Cloud LoadBalancer is currently working with the default cache. While this cache implementation is useful for development and tests, it's recommended to use Caffeine cache in production.You can switch to using Caffeine cache, by adding it and org.springframework.cache.caffeine.CaffeineCacheManager to the classpath.
2023-02-21 15:59:40.823 [XNIO-1 task-1] WARN  o.s.c.l.core.ServiceInstanceListSupplierBuilder - LoadBalancerCacheManager not available, returning delegate without caching.
2023-02-21 16:00:22.353 [Thread-6] WARN  com.alibaba.nacos.common.http.HttpClientBeanHolder - [HttpClientBeanHolder] Start destroying common HttpClient
2023-02-21 16:00:22.353 [Thread-32] WARN  com.alibaba.nacos.common.notify.NotifyCenter - [NotifyCenter] Start destroying Publisher
2023-02-21 16:00:22.354 [Thread-32] WARN  com.alibaba.nacos.common.notify.NotifyCenter - [NotifyCenter] Destruction of the end
2023-02-21 16:00:22.355 [Thread-6] WARN  com.alibaba.nacos.common.http.HttpClientBeanHolder - [HttpClientBeanHolder] Destruction of the end
2023-02-21 16:00:22.755 [SpringApplicationShutdownHook] WARN  com.netflix.config.sources.URLConfigurationSource - No URLs will be polled as dynamic configuration sources.
2023-02-21 16:01:08.821 [main] WARN  o.s.cloud.commons.util.SpringFactoryImportSelector - More than one implementation of @EnableCircuitBreaker (now relying on @Conditionals to pick one): [org.springframework.cloud.netflix.hystrix.HystrixCircuitBreakerConfiguration, com.alibaba.cloud.sentinel.custom.SentinelCircuitBreakerConfiguration]
2023-02-21 16:01:10.112 [main] WARN  org.mybatis.spring.mapper.ClassPathMapperScanner - No MyBatis mapper was found in '[com.demo.api]' package. Please check your configuration.
2023-02-21 16:01:10.514 [main] WARN  o.s.b.w.s.c.AnnotationConfigServletWebServerApplicationContext - Exception encountered during context initialization - cancelling refresh attempt: org.springframework.beans.factory.UnsatisfiedDependencyException: Error creating bean with name 'com.alibaba.cloud.sentinel.custom.SentinelAutoConfiguration': Unsatisfied dependency expressed through field 'properties'; nested exception is org.springframework.boot.context.properties.ConfigurationPropertiesBindException: Error creating bean with name 'spring.cloud.sentinel-com.alibaba.cloud.sentinel.SentinelProperties': Could not bind properties to 'SentinelProperties' : prefix=spring.cloud.sentinel, ignoreInvalidFields=false, ignoreUnknownFields=true; nested exception is javax.validation.NoProviderFoundException: Unable to create a Configuration, because no Bean Validation provider could be found. Add a provider like Hibernate Validator (RI) to your classpath.
2023-02-21 16:01:10.560 [Thread-7] WARN  com.alibaba.nacos.common.http.HttpClientBeanHolder - [HttpClientBeanHolder] Start destroying common HttpClient
2023-02-21 16:01:10.562 [Thread-7] WARN  com.alibaba.nacos.common.http.HttpClientBeanHolder - [HttpClientBeanHolder] Destruction of the end
2023-02-21 16:03:09.597 [main] WARN  o.s.cloud.commons.util.SpringFactoryImportSelector - More than one implementation of @EnableCircuitBreaker (now relying on @Conditionals to pick one): [org.springframework.cloud.netflix.hystrix.HystrixCircuitBreakerConfiguration, com.alibaba.cloud.sentinel.custom.SentinelCircuitBreakerConfiguration]
2023-02-21 16:03:10.784 [main] WARN  org.mybatis.spring.mapper.ClassPathMapperScanner - No MyBatis mapper was found in '[com.demo.api]' package. Please check your configuration.
2023-02-21 16:03:11.191 [main] WARN  o.s.b.w.s.c.AnnotationConfigServletWebServerApplicationContext - Exception encountered during context initialization - cancelling refresh attempt: org.springframework.beans.factory.UnsatisfiedDependencyException: Error creating bean with name 'com.alibaba.cloud.sentinel.custom.SentinelAutoConfiguration': Unsatisfied dependency expressed through field 'properties'; nested exception is org.springframework.boot.context.properties.ConfigurationPropertiesBindException: Error creating bean with name 'spring.cloud.sentinel-com.alibaba.cloud.sentinel.SentinelProperties': Could not bind properties to 'SentinelProperties' : prefix=spring.cloud.sentinel, ignoreInvalidFields=false, ignoreUnknownFields=true; nested exception is javax.validation.NoProviderFoundException: Unable to create a Configuration, because no Bean Validation provider could be found. Add a provider like Hibernate Validator (RI) to your classpath.
2023-02-21 16:03:11.232 [Thread-7] WARN  com.alibaba.nacos.common.http.HttpClientBeanHolder - [HttpClientBeanHolder] Start destroying common HttpClient
2023-02-21 16:03:11.234 [Thread-7] WARN  com.alibaba.nacos.common.http.HttpClientBeanHolder - [HttpClientBeanHolder] Destruction of the end
2023-02-21 16:04:12.012 [main] WARN  o.s.cloud.commons.util.SpringFactoryImportSelector - More than one implementation of @EnableCircuitBreaker (now relying on @Conditionals to pick one): [org.springframework.cloud.netflix.hystrix.HystrixCircuitBreakerConfiguration, com.alibaba.cloud.sentinel.custom.SentinelCircuitBreakerConfiguration]
2023-02-21 16:04:13.219 [main] WARN  org.mybatis.spring.mapper.ClassPathMapperScanner - No MyBatis mapper was found in '[com.demo.api]' package. Please check your configuration.
2023-02-21 16:04:13.621 [main] WARN  o.s.b.w.s.c.AnnotationConfigServletWebServerApplicationContext - Exception encountered during context initialization - cancelling refresh attempt: org.springframework.beans.factory.UnsatisfiedDependencyException: Error creating bean with name 'com.alibaba.cloud.sentinel.custom.SentinelAutoConfiguration': Unsatisfied dependency expressed through field 'properties'; nested exception is org.springframework.boot.context.properties.ConfigurationPropertiesBindException: Error creating bean with name 'spring.cloud.sentinel-com.alibaba.cloud.sentinel.SentinelProperties': Could not bind properties to 'SentinelProperties' : prefix=spring.cloud.sentinel, ignoreInvalidFields=false, ignoreUnknownFields=true; nested exception is javax.validation.NoProviderFoundException: Unable to create a Configuration, because no Bean Validation provider could be found. Add a provider like Hibernate Validator (RI) to your classpath.
2023-02-21 16:04:13.668 [Thread-6] WARN  com.alibaba.nacos.common.http.HttpClientBeanHolder - [HttpClientBeanHolder] Start destroying common HttpClient
2023-02-21 16:04:13.671 [Thread-6] WARN  com.alibaba.nacos.common.http.HttpClientBeanHolder - [HttpClientBeanHolder] Destruction of the end
2023-02-21 16:04:37.809 [main] WARN  o.s.cloud.commons.util.SpringFactoryImportSelector - More than one implementation of @EnableCircuitBreaker (now relying on @Conditionals to pick one): [org.springframework.cloud.netflix.hystrix.HystrixCircuitBreakerConfiguration, com.alibaba.cloud.sentinel.custom.SentinelCircuitBreakerConfiguration]
2023-02-21 16:04:38.997 [main] WARN  org.mybatis.spring.mapper.ClassPathMapperScanner - No MyBatis mapper was found in '[com.demo.api]' package. Please check your configuration.
2023-02-21 16:04:39.421 [main] WARN  o.s.b.w.s.c.AnnotationConfigServletWebServerApplicationContext - Exception encountered during context initialization - cancelling refresh attempt: org.springframework.beans.factory.UnsatisfiedDependencyException: Error creating bean with name 'com.alibaba.cloud.sentinel.custom.SentinelAutoConfiguration': Unsatisfied dependency expressed through field 'properties'; nested exception is org.springframework.boot.context.properties.ConfigurationPropertiesBindException: Error creating bean with name 'spring.cloud.sentinel-com.alibaba.cloud.sentinel.SentinelProperties': Could not bind properties to 'SentinelProperties' : prefix=spring.cloud.sentinel, ignoreInvalidFields=false, ignoreUnknownFields=true; nested exception is javax.validation.NoProviderFoundException: Unable to create a Configuration, because no Bean Validation provider could be found. Add a provider like Hibernate Validator (RI) to your classpath.
2023-02-21 16:04:39.461 [Thread-7] WARN  com.alibaba.nacos.common.http.HttpClientBeanHolder - [HttpClientBeanHolder] Start destroying common HttpClient
2023-02-21 16:04:39.463 [Thread-7] WARN  com.alibaba.nacos.common.http.HttpClientBeanHolder - [HttpClientBeanHolder] Destruction of the end
2023-02-21 16:07:35.546 [main] WARN  o.s.cloud.commons.util.SpringFactoryImportSelector - More than one implementation of @EnableCircuitBreaker (now relying on @Conditionals to pick one): [org.springframework.cloud.netflix.hystrix.HystrixCircuitBreakerConfiguration, com.alibaba.cloud.sentinel.custom.SentinelCircuitBreakerConfiguration]
2023-02-21 16:07:36.891 [main] WARN  org.mybatis.spring.mapper.ClassPathMapperScanner - No MyBatis mapper was found in '[com.demo.api]' package. Please check your configuration.
2023-02-21 16:07:37.335 [main] WARN  o.s.b.w.s.c.AnnotationConfigServletWebServerApplicationContext - Exception encountered during context initialization - cancelling refresh attempt: org.springframework.beans.factory.UnsatisfiedDependencyException: Error creating bean with name 'com.alibaba.cloud.sentinel.custom.SentinelAutoConfiguration': Unsatisfied dependency expressed through field 'properties'; nested exception is org.springframework.boot.context.properties.ConfigurationPropertiesBindException: Error creating bean with name 'spring.cloud.sentinel-com.alibaba.cloud.sentinel.SentinelProperties': Could not bind properties to 'SentinelProperties' : prefix=spring.cloud.sentinel, ignoreInvalidFields=false, ignoreUnknownFields=true; nested exception is javax.validation.NoProviderFoundException: Unable to create a Configuration, because no Bean Validation provider could be found. Add a provider like Hibernate Validator (RI) to your classpath.
2023-02-21 16:07:37.372 [Thread-6] WARN  com.alibaba.nacos.common.http.HttpClientBeanHolder - [HttpClientBeanHolder] Start destroying common HttpClient
2023-02-21 16:07:37.374 [Thread-6] WARN  com.alibaba.nacos.common.http.HttpClientBeanHolder - [HttpClientBeanHolder] Destruction of the end
2023-02-21 16:08:30.139 [main] WARN  org.mybatis.spring.mapper.ClassPathMapperScanner - No MyBatis mapper was found in '[com.demo.api]' package. Please check your configuration.
2023-02-21 16:08:30.748 [main] WARN  io.undertow.websockets.jsr - UT026010: Buffer pool was not set on WebSocketDeploymentInfo, the default pool will be used
2023-02-21 16:08:31.577 [main] WARN  com.netflix.config.sources.URLConfigurationSource - No URLs will be polled as dynamic configuration sources.
2023-02-21 16:08:31.582 [main] WARN  com.netflix.config.sources.URLConfigurationSource - No URLs will be polled as dynamic configuration sources.
2023-02-21 16:08:40.479 [main] WARN  o.s.c.l.c.LoadBalancerCacheAutoConfiguration$LoadBalancerCaffeineWarnLogger - Spring Cloud LoadBalancer is currently working with the default cache. While this cache implementation is useful for development and tests, it's recommended to use Caffeine cache in production.You can switch to using Caffeine cache, by adding it and org.springframework.cache.caffeine.CaffeineCacheManager to the classpath.
2023-02-21 16:09:03.993 [Thread-7] WARN  com.alibaba.nacos.common.http.HttpClientBeanHolder - [HttpClientBeanHolder] Start destroying common HttpClient
2023-02-21 16:09:03.993 [Thread-34] WARN  com.alibaba.nacos.common.notify.NotifyCenter - [NotifyCenter] Start destroying Publisher
2023-02-21 16:09:03.995 [Thread-34] WARN  com.alibaba.nacos.common.notify.NotifyCenter - [NotifyCenter] Destruction of the end
2023-02-21 16:09:03.995 [Thread-7] WARN  com.alibaba.nacos.common.http.HttpClientBeanHolder - [HttpClientBeanHolder] Destruction of the end
2023-02-21 16:09:04.387 [SpringApplicationShutdownHook] WARN  com.netflix.config.sources.URLConfigurationSource - No URLs will be polled as dynamic configuration sources.
2023-02-21 16:13:52.525 [main] WARN  org.mybatis.spring.mapper.ClassPathMapperScanner - No MyBatis mapper was found in '[com.demo.api]' package. Please check your configuration.
2023-02-21 16:13:53.029 [main] WARN  o.s.b.w.s.c.AnnotationConfigServletWebServerApplicationContext - Exception encountered during context initialization - cancelling refresh attempt: org.springframework.beans.factory.UnsatisfiedDependencyException: Error creating bean with name 'com.alibaba.cloud.sentinel.custom.SentinelAutoConfiguration': Unsatisfied dependency expressed through field 'properties'; nested exception is org.springframework.boot.context.properties.ConfigurationPropertiesBindException: Error creating bean with name 'spring.cloud.sentinel-com.alibaba.cloud.sentinel.SentinelProperties': Could not bind properties to 'SentinelProperties' : prefix=spring.cloud.sentinel, ignoreInvalidFields=false, ignoreUnknownFields=true; nested exception is javax.validation.NoProviderFoundException: Unable to create a Configuration, because no Bean Validation provider could be found. Add a provider like Hibernate Validator (RI) to your classpath.
2023-02-21 16:13:53.072 [Thread-7] WARN  com.alibaba.nacos.common.http.HttpClientBeanHolder - [HttpClientBeanHolder] Start destroying common HttpClient
2023-02-21 16:44:25.898 [main] WARN  org.mybatis.spring.mapper.ClassPathMapperScanner - No MyBatis mapper was found in '[com.demo.api]' package. Please check your configuration.
2023-02-21 16:44:26.286 [main] WARN  o.s.b.w.s.c.AnnotationConfigServletWebServerApplicationContext - Exception encountered during context initialization - cancelling refresh attempt: org.springframework.beans.factory.UnsatisfiedDependencyException: Error creating bean with name 'com.alibaba.cloud.sentinel.custom.SentinelAutoConfiguration': Unsatisfied dependency expressed through field 'properties'; nested exception is org.springframework.boot.context.properties.ConfigurationPropertiesBindException: Error creating bean with name 'spring.cloud.sentinel-com.alibaba.cloud.sentinel.SentinelProperties': Could not bind properties to 'SentinelProperties' : prefix=spring.cloud.sentinel, ignoreInvalidFields=false, ignoreUnknownFields=true; nested exception is javax.validation.NoProviderFoundException: Unable to create a Configuration, because no Bean Validation provider could be found. Add a provider like Hibernate Validator (RI) to your classpath.
2023-02-21 16:44:26.323 [Thread-5] WARN  com.alibaba.nacos.common.http.HttpClientBeanHolder - [HttpClientBeanHolder] Start destroying common HttpClient
2023-02-21 16:44:26.325 [Thread-5] WARN  com.alibaba.nacos.common.http.HttpClientBeanHolder - [HttpClientBeanHolder] Destruction of the end
2023-02-21 17:10:49.920 [main] WARN  org.mybatis.spring.mapper.ClassPathMapperScanner - No MyBatis mapper was found in '[com.demo.api]' package. Please check your configuration.
2023-02-21 17:10:50.727 [main] WARN  io.undertow.websockets.jsr - UT026010: Buffer pool was not set on WebSocketDeploymentInfo, the default pool will be used
2023-02-21 17:10:51.664 [main] WARN  com.netflix.config.sources.URLConfigurationSource - No URLs will be polled as dynamic configuration sources.
2023-02-21 17:10:51.671 [main] WARN  com.netflix.config.sources.URLConfigurationSource - No URLs will be polled as dynamic configuration sources.
2023-02-21 17:11:00.018 [main] WARN  o.s.c.l.c.LoadBalancerCacheAutoConfiguration$LoadBalancerCaffeineWarnLogger - Spring Cloud LoadBalancer is currently working with the default cache. While this cache implementation is useful for development and tests, it's recommended to use Caffeine cache in production.You can switch to using Caffeine cache, by adding it and org.springframework.cache.caffeine.CaffeineCacheManager to the classpath.
2023-02-21 17:12:17.276 [XNIO-1 task-1] WARN  o.s.c.l.core.ServiceInstanceListSupplierBuilder - LoadBalancerCacheManager not available, returning delegate without caching.
2023-02-21 17:12:17.315 [XNIO-1 task-1] WARN  o.s.cloud.loadbalancer.core.RoundRobinLoadBalancer - No servers available for service: async-service
2023-02-21 17:12:17.316 [XNIO-1 task-1] WARN  o.s.c.o.l.FeignBlockingLoadBalancerClient - Load balancer does not contain an instance for the service async-service
2023-02-21 17:14:25.640 [Thread-7] WARN  com.alibaba.nacos.common.http.HttpClientBeanHolder - [HttpClientBeanHolder] Start destroying common HttpClient
2023-02-21 17:14:25.640 [Thread-35] WARN  com.alibaba.nacos.common.notify.NotifyCenter - [NotifyCenter] Start destroying Publisher
2023-02-21 17:14:25.642 [Thread-35] WARN  com.alibaba.nacos.common.notify.NotifyCenter - [NotifyCenter] Destruction of the end
2023-02-21 17:14:25.643 [Thread-7] WARN  com.alibaba.nacos.common.http.HttpClientBeanHolder - [HttpClientBeanHolder] Destruction of the end
2023-02-21 17:14:39.724 [main] WARN  org.mybatis.spring.mapper.ClassPathMapperScanner - No MyBatis mapper was found in '[com.demo.api]' package. Please check your configuration.
2023-02-21 17:14:40.571 [main] WARN  io.undertow.websockets.jsr - UT026010: Buffer pool was not set on WebSocketDeploymentInfo, the default pool will be used
2023-02-21 17:14:41.339 [main] WARN  com.netflix.config.sources.URLConfigurationSource - No URLs will be polled as dynamic configuration sources.
2023-02-21 17:14:41.343 [main] WARN  com.netflix.config.sources.URLConfigurationSource - No URLs will be polled as dynamic configuration sources.
2023-02-21 17:14:49.918 [main] WARN  o.s.c.l.c.LoadBalancerCacheAutoConfiguration$LoadBalancerCaffeineWarnLogger - Spring Cloud LoadBalancer is currently working with the default cache. While this cache implementation is useful for development and tests, it's recommended to use Caffeine cache in production.You can switch to using Caffeine cache, by adding it and org.springframework.cache.caffeine.CaffeineCacheManager to the classpath.
2023-02-21 17:21:19.850 [XNIO-1 task-1] WARN  o.s.c.l.core.ServiceInstanceListSupplierBuilder - LoadBalancerCacheManager not available, returning delegate without caching.
2023-02-21 17:21:19.889 [XNIO-1 task-1] WARN  o.s.cloud.loadbalancer.core.RoundRobinLoadBalancer - No servers available for service: async-service
2023-02-21 17:21:19.891 [XNIO-1 task-1] WARN  o.s.c.o.l.FeignBlockingLoadBalancerClient - Load balancer does not contain an instance for the service async-service
